{
  "stats": {
    "suites": 1,
    "tests": 3,
    "passes": 1,
    "pending": 2,
    "failures": 0,
    "start": "2021-04-21T09:29:05.264Z",
    "end": "2021-04-21T09:29:05.305Z",
    "duration": 41,
    "testsRegistered": 3,
    "passPercent": 100,
    "pendingPercent": 66.66666666666666,
    "other": 0,
    "hasOther": false,
    "skipped": 0,
    "hasSkipped": false
  },
  "results": [
    {
      "uuid": "821c2ef1-0529-4bbe-8315-b3deff98f816",
      "title": "",
      "fullFile": "",
      "file": "",
      "beforeHooks": [],
      "afterHooks": [],
      "tests": [],
      "suites": [
        {
          "uuid": "69689cc0-3cc5-4bf2-867f-8b2aa75b51bf",
          "title": "Discussion APIs functional tests",
          "fullFile": "/Users/juthika/Documents/javascript-tests/test/discussion.js",
          "file": "/test/discussion.js",
          "beforeHooks": [],
          "afterHooks": [],
          "tests": [
            {
              "title": "/POST, Create group API functional tests",
              "fullTitle": "Discussion APIs functional tests /POST, Create group API functional tests",
              "timedOut": false,
              "duration": 0,
              "state": "pending",
              "speed": null,
              "pass": false,
              "fail": false,
              "pending": true,
              "context": null,
              "code": "",
              "err": {},
              "uuid": "fdd91185-861a-44bd-a738-b65c8cb84991",
              "parentUUID": "69689cc0-3cc5-4bf2-867f-8b2aa75b51bf",
              "isHook": false,
              "skipped": false
            },
            {
              "title": "/GET, Get all categories API functional tests",
              "fullTitle": "Discussion APIs functional tests /GET, Get all categories API functional tests",
              "timedOut": false,
              "duration": 0,
              "state": "pending",
              "speed": null,
              "pass": false,
              "fail": false,
              "pending": true,
              "context": null,
              "code": "",
              "err": {},
              "uuid": "ce33dc13-7c5f-4628-b6d4-bfd9967e031f",
              "parentUUID": "69689cc0-3cc5-4bf2-867f-8b2aa75b51bf",
              "isHook": false,
              "skipped": false
            },
            {
              "title": "/POST, POST Discussion forum read API functional tests",
              "fullTitle": "Discussion APIs functional tests /POST, POST Discussion forum read API functional tests",
              "timedOut": false,
              "duration": 33,
              "state": "passed",
              "speed": "fast",
              "pass": true,
              "fail": false,
              "pending": false,
              "context": null,
              "code": "//const tok = \"eyJhbGciOiJSUzI1NiIsInR5cCIgOiAiSldUIiwia2lkIiA6ICJHUnh4OHVyNDNwWEgzX1FNekJXZXJRUFdyWDAyUEprSzlDemwzaGM2MGZBIn0.eyJqdGkiOiIxOTE3MjliOS1jYmRlLTQzOGUtYWUyZS1iZjE2MjM4NjdmMWUiLCJleHAiOjE2MTkwMzkyMDMsIm5iZiI6MCwiaWF0IjoxNjE4OTk2MDAzLCJpc3MiOiJodHRwczovL3N0YWdpbmcuc3VuYmlyZGVkLm9yZy9hdXRoL3JlYWxtcy9zdW5iaXJkIiwiYXVkIjoiYWNjb3VudCIsInN1YiI6ImY6OTc5NzM4YjctMjUzYy00YWRmLTk2NzMtYTg1N2VlYjg2MTE1OjE0MDVmMzM0LWVlNTktNDJmYy1iZWZiLTUxOTg2MjIxODgxZSIsInR5cCI6IkJlYXJlciIsImF6cCI6Im50cC1zdXBwb3J0LXRvb2wiLCJhdXRoX3RpbWUiOjAsInNlc3Npb25fc3RhdGUiOiIyNzVlMjI1NS0yOWM2LTRkZTEtOTI0Ni1hMmQ4ZmQ4MDhjZDYiLCJhY3IiOiIxIiwiYWxsb3dlZC1vcmlnaW5zIjpbImh0dHBzOi8vb3BzLm50cC5uZXQuaW4iLCJodHRwOi8vb3BzLm50cC5uZXQuaW4iXSwicmVhbG1fYWNjZXNzIjp7InJvbGVzIjpbIm9mZmxpbmVfYWNjZXNzIiwidW1hX2F1dGhvcml6YXRpb24iXX0sInJlc291cmNlX2FjY2VzcyI6eyJhY2NvdW50Ijp7InJvbGVzIjpbIm1hbmFnZS1hY2NvdW50IiwibWFuYWdlLWFjY291bnQtbGlua3MiLCJ2aWV3LXByb2ZpbGUiXX19LCJzY29wZSI6IiIsIm5hbWUiOiJvcmdhZG1pbiIsInByZWZlcnJlZF91c2VybmFtZSI6Im9yZ2FkbWluMDA3IiwiZ2l2ZW5fbmFtZSI6Im9yZ2FkbWluIiwiZmFtaWx5X25hbWUiOiIiLCJlbWFpbCI6Im9yKioqKioqKipAeW9wbWFpbC5jb20ifQ.bYxh-c5yDLUZmg_b-BYt5cHcvK9479ZHiiBKY0vw-p-qJSRT2wt4x5cLXJJPR8CKcRMPAxGZzTkxVf7fh6RlhF0vyT0fHELvy7akhKC07rPPa8RIrSuvuXd7o9U-HbiBByzo-aBHv2PjBhwwzZEyT-eX3zofMrYmW0sJmTkHDxODbJtemVYtXkbYz4vbbdgqQKJnxJ-lR_JyF-Bg6fDXT5CJpzBRJql8xpBnEAzHcRbSF8Fl4-awdYAWAkha7HTik_yaJsHa9JRHkyBi70hfd-d905EeyJU481C2Nn2kfVUo_3mbA5fmNgZOa-JkFBVK57EwAAqtSJUPos_RgjQWlw\";\nrequest.post(path.getForumId).set('Authorization', prop.authKeyPreprod).set('x-authenticated-user-token', prop.authTokenPreprod).set('Content-Type', 'application/json').send('body', forumread.forumRead).end(function (err, res) {\n  console.log(res.status);\n  console.log(res.error);\n  console.log(err);\n});\ndone();",
              "err": {},
              "uuid": "bd5a67d7-8391-42a4-80b1-e9e3304a57b6",
              "parentUUID": "69689cc0-3cc5-4bf2-867f-8b2aa75b51bf",
              "isHook": false,
              "skipped": false
            }
          ],
          "suites": [],
          "passes": [
            "bd5a67d7-8391-42a4-80b1-e9e3304a57b6"
          ],
          "failures": [],
          "pending": [
            "fdd91185-861a-44bd-a738-b65c8cb84991",
            "ce33dc13-7c5f-4628-b6d4-bfd9967e031f"
          ],
          "skipped": [],
          "duration": 33,
          "root": false,
          "rootEmpty": false,
          "_timeout": 2000
        }
      ],
      "passes": [],
      "failures": [],
      "pending": [],
      "skipped": [],
      "duration": 0,
      "root": true,
      "rootEmpty": true,
      "_timeout": 2000
    }
  ],
  "meta": {
    "mocha": {
      "version": "8.3.1"
    },
    "mochawesome": {
      "options": {
        "quiet": false,
        "reportFilename": "mochawesome",
        "saveHtml": true,
        "saveJson": true,
        "consoleReporter": "spec",
        "useInlineDiffs": false,
        "code": true
      },
      "version": "6.2.2"
    },
    "marge": {
      "options": null,
      "version": "5.2.0"
    }
  }
}